<?xml version="1.0" encoding="UTF-8"?>
<!-- Generated by org.testng.reporters.JUnitReportReporter -->
<testsuite hostname="LAPTOP-U290DBUB" failures="0" tests="1" name="tests.login.LoginTest" time="3.447" errors="0" timestamp="18 Nov 2021 12:05:56 GMT" skipped="0">
  <testcase classname="tests.login.LoginTest" name="checkLogin" time="3.447"/>
</testsuite> <!-- tests.login.LoginTest -->
