<?xml version="1.0" encoding="UTF-8"?>
<!-- Generated by org.testng.reporters.JUnitReportReporter -->
<testsuite hostname="LAPTOP-U290DBUB" failures="0" tests="1" name="tests.login.LoginTest" time="2.502" errors="0" timestamp="18 Nov 2021 19:24:46 GMT" skipped="0">
  <testcase classname="tests.login.LoginTest" name="checkLogin" time="2.502"/>
</testsuite> <!-- tests.login.LoginTest -->
